<?xml version="1.0" encoding="UTF-8"?>
<testng-results skipped="0" failed="2" ignored="0" total="13" passed="11">
  <reporter-output>
  </reporter-output>
  <suite name="Suite" duration-ms="11373" started-at="2019-11-28T09:27:26Z" finished-at="2019-11-28T09:27:37Z">
    <groups>
    </groups>
    <test name="AgileTestSuite" duration-ms="11373" started-at="2019-11-28T09:27:26Z" finished-at="2019-11-28T09:27:37Z">
      <class name="testcases.updatePhase">
        <test-method status="PASS" signature="putUpdatePhase()[pri:0, instance:testcases.updatePhase@6a024a67]" name="putUpdatePhase" duration-ms="509" started-at="2019-11-28T09:27:30Z" finished-at="2019-11-28T09:27:31Z">
          <reporter-output>
          </reporter-output>
        </test-method> <!-- putUpdatePhase -->
      </class> <!-- testcases.updatePhase -->
      <class name="testcases.gameStarted">
        <test-method status="PASS" signature="post_gameStarted()[pri:0, instance:testcases.gameStarted@6ea12c19]" name="post_gameStarted" duration-ms="632" started-at="2019-11-28T09:27:30Z" finished-at="2019-11-28T09:27:30Z">
          <reporter-output>
          </reporter-output>
        </test-method> <!-- post_gameStarted -->
      </class> <!-- testcases.gameStarted -->
      <class name="testcases.actionEndPoint">
        <test-method status="PASS" signature="post_actionEndPoint()[pri:0, instance:testcases.actionEndPoint@6a2bcfcb]" name="post_actionEndPoint" duration-ms="1901" started-at="2019-11-28T09:27:33Z" finished-at="2019-11-28T09:27:34Z">
          <reporter-output>
          </reporter-output>
        </test-method> <!-- post_actionEndPoint -->
      </class> <!-- testcases.actionEndPoint -->
      <class name="testcases.game">
        <test-method status="PASS" signature="getGame()[pri:0, instance:testcases.game@5afa04c]" name="getGame" duration-ms="3684" started-at="2019-11-28T09:27:26Z" finished-at="2019-11-28T09:27:30Z">
          <reporter-output>
          </reporter-output>
        </test-method> <!-- getGame -->
      </class> <!-- testcases.game -->
      <class name="testcases.setPriorities">
        <test-method status="PASS" signature="postSetPriorities()[pri:0, instance:testcases.setPriorities@1efbd816]" name="postSetPriorities" duration-ms="459" started-at="2019-11-28T09:27:32Z" finished-at="2019-11-28T09:27:33Z">
          <reporter-output>
          </reporter-output>
        </test-method> <!-- postSetPriorities -->
      </class> <!-- testcases.setPriorities -->
      <class name="testcases.leaderboard">
        <test-method status="PASS" signature="get_leaderboard()[pri:0, instance:testcases.leaderboard@7c0e2abd]" name="get_leaderboard" duration-ms="404" started-at="2019-11-28T09:27:36Z" finished-at="2019-11-28T09:27:36Z">
          <reporter-output>
          </reporter-output>
        </test-method> <!-- get_leaderboard -->
      </class> <!-- testcases.leaderboard -->
      <class name="testcases.addStories">
        <test-method status="PASS" signature="post_addStories()[pri:0, instance:testcases.addStories@66d2e7d9]" name="post_addStories" duration-ms="427" started-at="2019-11-28T09:27:32Z" finished-at="2019-11-28T09:27:32Z">
          <reporter-output>
          </reporter-output>
        </test-method> <!-- post_addStories -->
      </class> <!-- testcases.addStories -->
      <class name="testcases.choosePrd">
        <test-method status="PASS" signature="post_choosePrd()[pri:0, instance:testcases.choosePrd@7921b0a2]" name="post_choosePrd" duration-ms="466" started-at="2019-11-28T09:27:31Z" finished-at="2019-11-28T09:27:31Z">
          <reporter-output>
          </reporter-output>
        </test-method> <!-- post_choosePrd -->
      </class> <!-- testcases.choosePrd -->
      <class name="testcases.gameCompleted">
        <test-method status="PASS" signature="postGameCompleted()[pri:0, instance:testcases.gameCompleted@3c756e4d]" name="postGameCompleted" duration-ms="916" started-at="2019-11-28T09:27:35Z" finished-at="2019-11-28T09:27:36Z">
          <reporter-output>
          </reporter-output>
        </test-method> <!-- postGameCompleted -->
      </class> <!-- testcases.gameCompleted -->
      <class name="testcases.startSprint">
        <test-method status="PASS" signature="postStartSprint()[pri:0, instance:testcases.startSprint@174d20a]" name="postStartSprint" duration-ms="443" started-at="2019-11-28T09:27:31Z" finished-at="2019-11-28T09:27:32Z">
          <reporter-output>
          </reporter-output>
        </test-method> <!-- postStartSprint -->
      </class> <!-- testcases.startSprint -->
      <class name="testcases.endSprint">
        <test-method status="PASS" signature="postEndSprint()[pri:0, instance:testcases.endSprint@4de8b406]" name="postEndSprint" duration-ms="602" started-at="2019-11-28T09:27:34Z" finished-at="2019-11-28T09:27:35Z">
          <reporter-output>
          </reporter-output>
        </test-method> <!-- postEndSprint -->
      </class> <!-- testcases.endSprint -->
      <class name="testcases.mailUserReport">
        <test-method status="FAIL" signature="post_mailUserReport()[pri:0, instance:testcases.mailUserReport@48eff760]" name="post_mailUserReport" duration-ms="443" started-at="2019-11-28T09:27:36Z" finished-at="2019-11-28T09:27:37Z">
          <exception class="java.lang.AssertionError">
            <message>
              <![CDATA[1 expectation failed.
Expected status code <200> but was <500>.
]]>
            </message>
            <full-stacktrace>
              <![CDATA[java.lang.AssertionError: 1 expectation failed.
Expected status code <200> but was <500>.

at sun.reflect.NativeConstructorAccessorImpl.newInstance0(Native Method)
at sun.reflect.NativeConstructorAccessorImpl.newInstance(NativeConstructorAccessorImpl.java:62)
at sun.reflect.DelegatingConstructorAccessorImpl.newInstance(DelegatingConstructorAccessorImpl.java:45)
at java.lang.reflect.Constructor.newInstance(Constructor.java:423)
at org.codehaus.groovy.reflection.CachedConstructor.invoke(CachedConstructor.java:80)
at org.codehaus.groovy.reflection.CachedConstructor.doConstructorInvoke(CachedConstructor.java:74)
at org.codehaus.groovy.runtime.callsite.ConstructorSite$ConstructorSiteNoUnwrap.callConstructor(ConstructorSite.java:84)
at org.codehaus.groovy.runtime.callsite.CallSiteArray.defaultCallConstructor(CallSiteArray.java:59)
at org.codehaus.groovy.runtime.callsite.AbstractCallSite.callConstructor(AbstractCallSite.java:237)
at org.codehaus.groovy.runtime.callsite.AbstractCallSite.callConstructor(AbstractCallSite.java:249)
at io.restassured.internal.ResponseSpecificationImpl$HamcrestAssertionClosure.validate(ResponseSpecificationImpl.groovy:493)
at io.restassured.internal.ResponseSpecificationImpl$HamcrestAssertionClosure$validate$1.call(Unknown Source)
at io.restassured.internal.ResponseSpecificationImpl.validateResponseIfRequired(ResponseSpecificationImpl.groovy:674)
at sun.reflect.GeneratedMethodAccessor73.invoke(Unknown Source)
at sun.reflect.DelegatingMethodAccessorImpl.invoke(DelegatingMethodAccessorImpl.java:43)
at java.lang.reflect.Method.invoke(Method.java:498)
at org.codehaus.groovy.runtime.callsite.PlainObjectMetaMethodSite.doInvoke(PlainObjectMetaMethodSite.java:43)
at org.codehaus.groovy.runtime.callsite.PogoMetaMethodSite$PogoCachedMethodSiteNoUnwrapNoCoerce.invoke(PogoMetaMethodSite.java:190)
at org.codehaus.groovy.runtime.callsite.PogoMetaMethodSite.callCurrent(PogoMetaMethodSite.java:58)
at org.codehaus.groovy.runtime.callsite.AbstractCallSite.callCurrent(AbstractCallSite.java:168)
at io.restassured.internal.ResponseSpecificationImpl.statusCode(ResponseSpecificationImpl.groovy:126)
at io.restassured.specification.ResponseSpecification$statusCode$0.callCurrent(Unknown Source)
at io.restassured.internal.ResponseSpecificationImpl.statusCode(ResponseSpecificationImpl.groovy:134)
at io.restassured.internal.ValidatableResponseOptionsImpl.statusCode(ValidatableResponseOptionsImpl.java:89)
at io.restassured.internal.ValidatableResponseImpl.super$2$statusCode(ValidatableResponseImpl.groovy)
at sun.reflect.NativeMethodAccessorImpl.invoke0(Native Method)
at sun.reflect.NativeMethodAccessorImpl.invoke(NativeMethodAccessorImpl.java:62)
at sun.reflect.DelegatingMethodAccessorImpl.invoke(DelegatingMethodAccessorImpl.java:43)
at java.lang.reflect.Method.invoke(Method.java:498)
at org.codehaus.groovy.reflection.CachedMethod.invoke(CachedMethod.java:101)
at groovy.lang.MetaMethod.doMethodInvoke(MetaMethod.java:323)
at groovy.lang.MetaClassImpl.invokeMethod(MetaClassImpl.java:1217)
at org.codehaus.groovy.runtime.ScriptBytecodeAdapter.invokeMethodOnSuperN(ScriptBytecodeAdapter.java:144)
at io.restassured.internal.ValidatableResponseImpl.statusCode(ValidatableResponseImpl.groovy:142)
at io.restassured.internal.ValidatableResponseImpl.statusCode(ValidatableResponseImpl.groovy)
at testcases.mailUserReport.post_mailUserReport(mailUserReport.java:28)
at sun.reflect.NativeMethodAccessorImpl.invoke0(Native Method)
at sun.reflect.NativeMethodAccessorImpl.invoke(NativeMethodAccessorImpl.java:62)
at sun.reflect.DelegatingMethodAccessorImpl.invoke(DelegatingMethodAccessorImpl.java:43)
at java.lang.reflect.Method.invoke(Method.java:498)
at org.testng.internal.MethodInvocationHelper.invokeMethod(MethodInvocationHelper.java:124)
at org.testng.internal.Invoker.invokeMethod(Invoker.java:583)
at org.testng.internal.Invoker.invokeTestMethod(Invoker.java:719)
at org.testng.internal.Invoker.invokeTestMethods(Invoker.java:989)
at org.testng.internal.TestMethodWorker.invokeTestMethods(TestMethodWorker.java:125)
at org.testng.internal.TestMethodWorker.run(TestMethodWorker.java:109)
at org.testng.TestRunner.privateRun(TestRunner.java:648)
at org.testng.TestRunner.run(TestRunner.java:505)
at org.testng.SuiteRunner.runTest(SuiteRunner.java:455)
at org.testng.SuiteRunner.runSequentially(SuiteRunner.java:450)
at org.testng.SuiteRunner.privateRun(SuiteRunner.java:415)
at org.testng.SuiteRunner.run(SuiteRunner.java:364)
at org.testng.SuiteRunnerWorker.runSuite(SuiteRunnerWorker.java:52)
at org.testng.SuiteRunnerWorker.run(SuiteRunnerWorker.java:84)
at org.testng.TestNG.runSuitesSequentially(TestNG.java:1208)
at org.testng.TestNG.runSuitesLocally(TestNG.java:1137)
at org.testng.TestNG.runSuites(TestNG.java:1049)
at org.testng.TestNG.run(TestNG.java:1017)
at org.apache.maven.surefire.testng.TestNGExecutor.run(TestNGExecutor.java:283)
at org.apache.maven.surefire.testng.TestNGXmlTestSuite.execute(TestNGXmlTestSuite.java:75)
at org.apache.maven.surefire.testng.TestNGProvider.invoke(TestNGProvider.java:120)
at org.apache.maven.surefire.booter.ForkedBooter.runSuitesInProcess(ForkedBooter.java:377)
at org.apache.maven.surefire.booter.ForkedBooter.execute(ForkedBooter.java:138)
at org.apache.maven.surefire.booter.ForkedBooter.run(ForkedBooter.java:465)
at org.apache.maven.surefire.booter.ForkedBooter.main(ForkedBooter.java:451)
]]>
            </full-stacktrace>
          </exception> <!-- java.lang.AssertionError -->
          <reporter-output>
          </reporter-output>
        </test-method> <!-- post_mailUserReport -->
      </class> <!-- testcases.mailUserReport -->
      <class name="testcases.userReportDownload">
        <test-method status="FAIL" signature="getUserReportDownload()[pri:0, instance:testcases.userReportDownload@402f32ff]" name="getUserReportDownload" duration-ms="409" started-at="2019-11-28T09:27:37Z" finished-at="2019-11-28T09:27:37Z">
          <exception class="java.lang.AssertionError">
            <message>
              <![CDATA[1 expectation failed.
Expected status code <200> but was <500>.
]]>
            </message>
            <full-stacktrace>
              <![CDATA[java.lang.AssertionError: 1 expectation failed.
Expected status code <200> but was <500>.

at sun.reflect.NativeConstructorAccessorImpl.newInstance0(Native Method)
at sun.reflect.NativeConstructorAccessorImpl.newInstance(NativeConstructorAccessorImpl.java:62)
at sun.reflect.DelegatingConstructorAccessorImpl.newInstance(DelegatingConstructorAccessorImpl.java:45)
at java.lang.reflect.Constructor.newInstance(Constructor.java:423)
at org.codehaus.groovy.reflection.CachedConstructor.invoke(CachedConstructor.java:80)
at org.codehaus.groovy.reflection.CachedConstructor.doConstructorInvoke(CachedConstructor.java:74)
at org.codehaus.groovy.runtime.callsite.ConstructorSite$ConstructorSiteNoUnwrap.callConstructor(ConstructorSite.java:84)
at org.codehaus.groovy.runtime.callsite.AbstractCallSite.callConstructor(AbstractCallSite.java:249)
at io.restassured.internal.ResponseSpecificationImpl$HamcrestAssertionClosure.validate(ResponseSpecificationImpl.groovy:493)
at io.restassured.internal.ResponseSpecificationImpl$HamcrestAssertionClosure$validate$1.call(Unknown Source)
at io.restassured.internal.ResponseSpecificationImpl.validateResponseIfRequired(ResponseSpecificationImpl.groovy:674)
at sun.reflect.GeneratedMethodAccessor73.invoke(Unknown Source)
at sun.reflect.DelegatingMethodAccessorImpl.invoke(DelegatingMethodAccessorImpl.java:43)
at java.lang.reflect.Method.invoke(Method.java:498)
at org.codehaus.groovy.runtime.callsite.PlainObjectMetaMethodSite.doInvoke(PlainObjectMetaMethodSite.java:43)
at org.codehaus.groovy.runtime.callsite.PogoMetaMethodSite$PogoCachedMethodSiteNoUnwrapNoCoerce.invoke(PogoMetaMethodSite.java:190)
at org.codehaus.groovy.runtime.callsite.PogoMetaMethodSite.callCurrent(PogoMetaMethodSite.java:58)
at org.codehaus.groovy.runtime.callsite.AbstractCallSite.callCurrent(AbstractCallSite.java:168)
at io.restassured.internal.ResponseSpecificationImpl.statusCode(ResponseSpecificationImpl.groovy:126)
at io.restassured.specification.ResponseSpecification$statusCode$0.callCurrent(Unknown Source)
at io.restassured.internal.ResponseSpecificationImpl.statusCode(ResponseSpecificationImpl.groovy:134)
at io.restassured.internal.ValidatableResponseOptionsImpl.statusCode(ValidatableResponseOptionsImpl.java:89)
at io.restassured.internal.ValidatableResponseImpl.super$2$statusCode(ValidatableResponseImpl.groovy)
at sun.reflect.NativeMethodAccessorImpl.invoke0(Native Method)
at sun.reflect.NativeMethodAccessorImpl.invoke(NativeMethodAccessorImpl.java:62)
at sun.reflect.DelegatingMethodAccessorImpl.invoke(DelegatingMethodAccessorImpl.java:43)
at java.lang.reflect.Method.invoke(Method.java:498)
at org.codehaus.groovy.reflection.CachedMethod.invoke(CachedMethod.java:101)
at groovy.lang.MetaMethod.doMethodInvoke(MetaMethod.java:323)
at groovy.lang.MetaClassImpl.invokeMethod(MetaClassImpl.java:1217)
at org.codehaus.groovy.runtime.ScriptBytecodeAdapter.invokeMethodOnSuperN(ScriptBytecodeAdapter.java:144)
at io.restassured.internal.ValidatableResponseImpl.statusCode(ValidatableResponseImpl.groovy:142)
at io.restassured.internal.ValidatableResponseImpl.statusCode(ValidatableResponseImpl.groovy)
at testcases.userReportDownload.getUserReportDownload(userReportDownload.java:32)
at sun.reflect.NativeMethodAccessorImpl.invoke0(Native Method)
at sun.reflect.NativeMethodAccessorImpl.invoke(NativeMethodAccessorImpl.java:62)
at sun.reflect.DelegatingMethodAccessorImpl.invoke(DelegatingMethodAccessorImpl.java:43)
at java.lang.reflect.Method.invoke(Method.java:498)
at org.testng.internal.MethodInvocationHelper.invokeMethod(MethodInvocationHelper.java:124)
at org.testng.internal.Invoker.invokeMethod(Invoker.java:583)
at org.testng.internal.Invoker.invokeTestMethod(Invoker.java:719)
at org.testng.internal.Invoker.invokeTestMethods(Invoker.java:989)
at org.testng.internal.TestMethodWorker.invokeTestMethods(TestMethodWorker.java:125)
at org.testng.internal.TestMethodWorker.run(TestMethodWorker.java:109)
at org.testng.TestRunner.privateRun(TestRunner.java:648)
at org.testng.TestRunner.run(TestRunner.java:505)
at org.testng.SuiteRunner.runTest(SuiteRunner.java:455)
at org.testng.SuiteRunner.runSequentially(SuiteRunner.java:450)
at org.testng.SuiteRunner.privateRun(SuiteRunner.java:415)
at org.testng.SuiteRunner.run(SuiteRunner.java:364)
at org.testng.SuiteRunnerWorker.runSuite(SuiteRunnerWorker.java:52)
at org.testng.SuiteRunnerWorker.run(SuiteRunnerWorker.java:84)
at org.testng.TestNG.runSuitesSequentially(TestNG.java:1208)
at org.testng.TestNG.runSuitesLocally(TestNG.java:1137)
at org.testng.TestNG.runSuites(TestNG.java:1049)
at org.testng.TestNG.run(TestNG.java:1017)
at org.apache.maven.surefire.testng.TestNGExecutor.run(TestNGExecutor.java:283)
at org.apache.maven.surefire.testng.TestNGXmlTestSuite.execute(TestNGXmlTestSuite.java:75)
at org.apache.maven.surefire.testng.TestNGProvider.invoke(TestNGProvider.java:120)
at org.apache.maven.surefire.booter.ForkedBooter.runSuitesInProcess(ForkedBooter.java:377)
at org.apache.maven.surefire.booter.ForkedBooter.execute(ForkedBooter.java:138)
at org.apache.maven.surefire.booter.ForkedBooter.run(ForkedBooter.java:465)
at org.apache.maven.surefire.booter.ForkedBooter.main(ForkedBooter.java:451)
]]>
            </full-stacktrace>
          </exception> <!-- java.lang.AssertionError -->
          <reporter-output>
          </reporter-output>
        </test-method> <!-- getUserReportDownload -->
      </class> <!-- testcases.userReportDownload -->
    </test> <!-- AgileTestSuite -->
  </suite> <!-- Suite -->
</testng-results>
